<?xml version="1.0" encoding="UTF-8"?>
<!-- Generated by org.testng.reporters.JUnitXMLReporter -->
<testsuite hostname="Krishna" name="Default test" tests="7" failures="0" timestamp="13 Jun 2019 18:44:37 GMT" time="86.616" errors="0">
  <testcase name="PageTitle_Test" time="0.038" classname="UI_Testing.UI_TestCases"/>
  <testcase name="Logo_Test" time="12.281" classname="UI_Testing.UI_TestCases"/>
  <testcase name="Explore_Test" time="0.722" classname="UI_Testing.UI_TestCases"/>
  <testcase name="default_Link_Test" time="0.132" classname="UI_Testing.UI_TestCases"/>
  <testcase name="Show_Hide_Test" time="0.187" classname="UI_Testing.UI_TestCases"/>
  <testcase name="List_Operation_Link_Test" time="0.132" classname="UI_Testing.UI_TestCases"/>
  <testcase name="Expand_Operation_Link_Test" time="0.285" classname="UI_Testing.UI_TestCases"/>
</testsuite> <!-- Default test -->
